<?xml version="1.0" encoding="UTF-8"?>
<testsuite xmlns:xsi="http://www.w3.org/2001/XMLSchema-instance" xsi:noNamespaceSchemaLocation="https://maven.apache.org/surefire/maven-surefire-plugin/xsd/surefire-test-report.xsd" name="mx.tec.lab.TestHtmlApplicationTests" time="21.883" tests="1" errors="0" skipped="0" failures="1">
  <properties>
    <property name="java.specification.version" value="13"/>
    <property name="sun.cpu.isalist" value="amd64"/>
    <property name="sun.jnu.encoding" value="Cp1252"/>
    <property name="java.class.path" value="C:\Users\Yessica\Documents\workspace-spring-tool-suite-4-4.5.1.RELEASE\testHtml\target\test-classes;C:\Users\Yessica\Documents\workspace-spring-tool-suite-4-4.5.1.RELEASE\testHtml\target\classes;C:\Users\Yessica\.m2\repository\org\springframework\boot\spring-boot-starter\2.2.6.RELEASE\spring-boot-starter-2.2.6.RELEASE.jar;C:\Users\Yessica\.m2\repository\org\springframework\boot\spring-boot\2.2.6.RELEASE\spring-boot-2.2.6.RELEASE.jar;C:\Users\Yessica\.m2\repository\org\springframework\spring-context\5.2.5.RELEASE\spring-context-5.2.5.RELEASE.jar;C:\Users\Yessica\.m2\repository\org\springframework\spring-aop\5.2.5.RELEASE\spring-aop-5.2.5.RELEASE.jar;C:\Users\Yessica\.m2\repository\org\springframework\spring-beans\5.2.5.RELEASE\spring-beans-5.2.5.RELEASE.jar;C:\Users\Yessica\.m2\repository\org\springframework\spring-expression\5.2.5.RELEASE\spring-expression-5.2.5.RELEASE.jar;C:\Users\Yessica\.m2\repository\org\springframework\boot\spring-boot-autoconfigure\2.2.6.RELEASE\spring-boot-autoconfigure-2.2.6.RELEASE.jar;C:\Users\Yessica\.m2\repository\org\springframework\boot\spring-boot-starter-logging\2.2.6.RELEASE\spring-boot-starter-logging-2.2.6.RELEASE.jar;C:\Users\Yessica\.m2\repository\ch\qos\logback\logback-classic\1.2.3\logback-classic-1.2.3.jar;C:\Users\Yessica\.m2\repository\ch\qos\logback\logback-core\1.2.3\logback-core-1.2.3.jar;C:\Users\Yessica\.m2\repository\org\apache\logging\log4j\log4j-to-slf4j\2.12.1\log4j-to-slf4j-2.12.1.jar;C:\Users\Yessica\.m2\repository\org\apache\logging\log4j\log4j-api\2.12.1\log4j-api-2.12.1.jar;C:\Users\Yessica\.m2\repository\org\slf4j\jul-to-slf4j\1.7.30\jul-to-slf4j-1.7.30.jar;C:\Users\Yessica\.m2\repository\jakarta\annotation\jakarta.annotation-api\1.3.5\jakarta.annotation-api-1.3.5.jar;C:\Users\Yessica\.m2\repository\org\springframework\spring-core\5.2.5.RELEASE\spring-core-5.2.5.RELEASE.jar;C:\Users\Yessica\.m2\repository\org\springframework\spring-jcl\5.2.5.RELEASE\spring-jcl-5.2.5.RELEASE.jar;C:\Users\Yessica\.m2\repository\org\yaml\snakeyaml\1.25\snakeyaml-1.25.jar;C:\Users\Yessica\.m2\repository\org\springframework\boot\spring-boot-starter-test\2.2.6.RELEASE\spring-boot-starter-test-2.2.6.RELEASE.jar;C:\Users\Yessica\.m2\repository\org\springframework\boot\spring-boot-test\2.2.6.RELEASE\spring-boot-test-2.2.6.RELEASE.jar;C:\Users\Yessica\.m2\repository\org\springframework\boot\spring-boot-test-autoconfigure\2.2.6.RELEASE\spring-boot-test-autoconfigure-2.2.6.RELEASE.jar;C:\Users\Yessica\.m2\repository\com\jayway\jsonpath\json-path\2.4.0\json-path-2.4.0.jar;C:\Users\Yessica\.m2\repository\net\minidev\json-smart\2.3\json-smart-2.3.jar;C:\Users\Yessica\.m2\repository\net\minidev\accessors-smart\1.2\accessors-smart-1.2.jar;C:\Users\Yessica\.m2\repository\org\ow2\asm\asm\5.0.4\asm-5.0.4.jar;C:\Users\Yessica\.m2\repository\org\slf4j\slf4j-api\1.7.30\slf4j-api-1.7.30.jar;C:\Users\Yessica\.m2\repository\jakarta\xml\bind\jakarta.xml.bind-api\2.3.3\jakarta.xml.bind-api-2.3.3.jar;C:\Users\Yessica\.m2\repository\jakarta\activation\jakarta.activation-api\1.2.2\jakarta.activation-api-1.2.2.jar;C:\Users\Yessica\.m2\repository\org\junit\jupiter\junit-jupiter\5.5.2\junit-jupiter-5.5.2.jar;C:\Users\Yessica\.m2\repository\org\junit\jupiter\junit-jupiter-api\5.5.2\junit-jupiter-api-5.5.2.jar;C:\Users\Yessica\.m2\repository\org\apiguardian\apiguardian-api\1.1.0\apiguardian-api-1.1.0.jar;C:\Users\Yessica\.m2\repository\org\opentest4j\opentest4j\1.2.0\opentest4j-1.2.0.jar;C:\Users\Yessica\.m2\repository\org\junit\platform\junit-platform-commons\1.5.2\junit-platform-commons-1.5.2.jar;C:\Users\Yessica\.m2\repository\org\junit\jupiter\junit-jupiter-params\5.5.2\junit-jupiter-params-5.5.2.jar;C:\Users\Yessica\.m2\repository\org\junit\jupiter\junit-jupiter-engine\5.5.2\junit-jupiter-engine-5.5.2.jar;C:\Users\Yessica\.m2\repository\org\junit\platform\junit-platform-engine\1.5.2\junit-platform-engine-1.5.2.jar;C:\Users\Yessica\.m2\repository\org\mockito\mockito-junit-jupiter\3.1.0\mockito-junit-jupiter-3.1.0.jar;C:\Users\Yessica\.m2\repository\org\assertj\assertj-core\3.13.2\assertj-core-3.13.2.jar;C:\Users\Yessica\.m2\repository\org\hamcrest\hamcrest\2.1\hamcrest-2.1.jar;C:\Users\Yessica\.m2\repository\org\mockito\mockito-core\3.1.0\mockito-core-3.1.0.jar;C:\Users\Yessica\.m2\repository\net\bytebuddy\byte-buddy\1.10.8\byte-buddy-1.10.8.jar;C:\Users\Yessica\.m2\repository\net\bytebuddy\byte-buddy-agent\1.10.8\byte-buddy-agent-1.10.8.jar;C:\Users\Yessica\.m2\repository\org\objenesis\objenesis\2.6\objenesis-2.6.jar;C:\Users\Yessica\.m2\repository\org\skyscreamer\jsonassert\1.5.0\jsonassert-1.5.0.jar;C:\Users\Yessica\.m2\repository\com\vaadin\external\google\android-json\0.0.20131108.vaadin1\android-json-0.0.20131108.vaadin1.jar;C:\Users\Yessica\.m2\repository\org\springframework\spring-test\5.2.5.RELEASE\spring-test-5.2.5.RELEASE.jar;C:\Users\Yessica\.m2\repository\org\xmlunit\xmlunit-core\2.6.4\xmlunit-core-2.6.4.jar;C:\Users\Yessica\.m2\repository\net\sourceforge\htmlunit\htmlunit\2.36.0\htmlunit-2.36.0.jar;C:\Users\Yessica\.m2\repository\xalan\xalan\2.7.2\xalan-2.7.2.jar;C:\Users\Yessica\.m2\repository\xalan\serializer\2.7.2\serializer-2.7.2.jar;C:\Users\Yessica\.m2\repository\org\apache\commons\commons-lang3\3.9\commons-lang3-3.9.jar;C:\Users\Yessica\.m2\repository\org\apache\commons\commons-text\1.7\commons-text-1.7.jar;C:\Users\Yessica\.m2\repository\org\apache\httpcomponents\httpmime\4.5.12\httpmime-4.5.12.jar;C:\Users\Yessica\.m2\repository\org\apache\httpcomponents\httpclient\4.5.12\httpclient-4.5.12.jar;C:\Users\Yessica\.m2\repository\org\apache\httpcomponents\httpcore\4.4.13\httpcore-4.4.13.jar;C:\Users\Yessica\.m2\repository\commons-codec\commons-codec\1.13\commons-codec-1.13.jar;C:\Users\Yessica\.m2\repository\net\sourceforge\htmlunit\htmlunit-core-js\2.36.0\htmlunit-core-js-2.36.0.jar;C:\Users\Yessica\.m2\repository\net\sourceforge\htmlunit\neko-htmlunit\2.36.0\neko-htmlunit-2.36.0.jar;C:\Users\Yessica\.m2\repository\xerces\xercesImpl\2.12.0\xercesImpl-2.12.0.jar;C:\Users\Yessica\.m2\repository\xml-apis\xml-apis\1.4.01\xml-apis-1.4.01.jar;C:\Users\Yessica\.m2\repository\net\sourceforge\htmlunit\htmlunit-cssparser\1.5.0\htmlunit-cssparser-1.5.0.jar;C:\Users\Yessica\.m2\repository\commons-io\commons-io\2.6\commons-io-2.6.jar;C:\Users\Yessica\.m2\repository\commons-net\commons-net\3.6\commons-net-3.6.jar;C:\Users\Yessica\.m2\repository\org\brotli\dec\0.1.2\dec-0.1.2.jar;C:\Users\Yessica\.m2\repository\org\eclipse\jetty\websocket\websocket-client\9.4.27.v20200227\websocket-client-9.4.27.v20200227.jar;C:\Users\Yessica\.m2\repository\org\eclipse\jetty\jetty-client\9.4.27.v20200227\jetty-client-9.4.27.v20200227.jar;C:\Users\Yessica\.m2\repository\org\eclipse\jetty\jetty-http\9.4.27.v20200227\jetty-http-9.4.27.v20200227.jar;C:\Users\Yessica\.m2\repository\org\eclipse\jetty\jetty-xml\9.4.27.v20200227\jetty-xml-9.4.27.v20200227.jar;C:\Users\Yessica\.m2\repository\org\eclipse\jetty\jetty-util\9.4.27.v20200227\jetty-util-9.4.27.v20200227.jar;C:\Users\Yessica\.m2\repository\org\eclipse\jetty\jetty-io\9.4.27.v20200227\jetty-io-9.4.27.v20200227.jar;C:\Users\Yessica\.m2\repository\org\eclipse\jetty\websocket\websocket-common\9.4.27.v20200227\websocket-common-9.4.27.v20200227.jar;C:\Users\Yessica\.m2\repository\org\eclipse\jetty\websocket\websocket-api\9.4.27.v20200227\websocket-api-9.4.27.v20200227.jar;"/>
    <property name="java.vm.vendor" value="Oracle Corporation"/>
    <property name="sun.arch.data.model" value="64"/>
    <property name="user.variant" value=""/>
    <property name="java.vendor.url" value="https://java.oracle.com/"/>
    <property name="user.timezone" value="America/Chihuahua"/>
    <property name="os.name" value="Windows 10"/>
    <property name="java.vm.specification.version" value="13"/>
    <property name="sun.java.launcher" value="SUN_STANDARD"/>
    <property name="user.country" value="MX"/>
    <property name="sun.boot.library.path" value="C:\Program Files\Java\jdk-13.0.2\bin"/>
    <property name="sun.java.command" value="C:\Users\Yessica\AppData\Local\Temp\surefire732474938732729438\surefirebooter3266934678486475956.jar C:\Users\Yessica\AppData\Local\Temp\surefire732474938732729438 2020-04-13T20-52-13_831-jvmRun1 surefire5982353163187336587tmp surefire_011500857655323516488tmp"/>
    <property name="jdk.debug" value="release"/>
    <property name="surefire.test.class.path" value="C:\Users\Yessica\Documents\workspace-spring-tool-suite-4-4.5.1.RELEASE\testHtml\target\test-classes;C:\Users\Yessica\Documents\workspace-spring-tool-suite-4-4.5.1.RELEASE\testHtml\target\classes;C:\Users\Yessica\.m2\repository\org\springframework\boot\spring-boot-starter\2.2.6.RELEASE\spring-boot-starter-2.2.6.RELEASE.jar;C:\Users\Yessica\.m2\repository\org\springframework\boot\spring-boot\2.2.6.RELEASE\spring-boot-2.2.6.RELEASE.jar;C:\Users\Yessica\.m2\repository\org\springframework\spring-context\5.2.5.RELEASE\spring-context-5.2.5.RELEASE.jar;C:\Users\Yessica\.m2\repository\org\springframework\spring-aop\5.2.5.RELEASE\spring-aop-5.2.5.RELEASE.jar;C:\Users\Yessica\.m2\repository\org\springframework\spring-beans\5.2.5.RELEASE\spring-beans-5.2.5.RELEASE.jar;C:\Users\Yessica\.m2\repository\org\springframework\spring-expression\5.2.5.RELEASE\spring-expression-5.2.5.RELEASE.jar;C:\Users\Yessica\.m2\repository\org\springframework\boot\spring-boot-autoconfigure\2.2.6.RELEASE\spring-boot-autoconfigure-2.2.6.RELEASE.jar;C:\Users\Yessica\.m2\repository\org\springframework\boot\spring-boot-starter-logging\2.2.6.RELEASE\spring-boot-starter-logging-2.2.6.RELEASE.jar;C:\Users\Yessica\.m2\repository\ch\qos\logback\logback-classic\1.2.3\logback-classic-1.2.3.jar;C:\Users\Yessica\.m2\repository\ch\qos\logback\logback-core\1.2.3\logback-core-1.2.3.jar;C:\Users\Yessica\.m2\repository\org\apache\logging\log4j\log4j-to-slf4j\2.12.1\log4j-to-slf4j-2.12.1.jar;C:\Users\Yessica\.m2\repository\org\apache\logging\log4j\log4j-api\2.12.1\log4j-api-2.12.1.jar;C:\Users\Yessica\.m2\repository\org\slf4j\jul-to-slf4j\1.7.30\jul-to-slf4j-1.7.30.jar;C:\Users\Yessica\.m2\repository\jakarta\annotation\jakarta.annotation-api\1.3.5\jakarta.annotation-api-1.3.5.jar;C:\Users\Yessica\.m2\repository\org\springframework\spring-core\5.2.5.RELEASE\spring-core-5.2.5.RELEASE.jar;C:\Users\Yessica\.m2\repository\org\springframework\spring-jcl\5.2.5.RELEASE\spring-jcl-5.2.5.RELEASE.jar;C:\Users\Yessica\.m2\repository\org\yaml\snakeyaml\1.25\snakeyaml-1.25.jar;C:\Users\Yessica\.m2\repository\org\springframework\boot\spring-boot-starter-test\2.2.6.RELEASE\spring-boot-starter-test-2.2.6.RELEASE.jar;C:\Users\Yessica\.m2\repository\org\springframework\boot\spring-boot-test\2.2.6.RELEASE\spring-boot-test-2.2.6.RELEASE.jar;C:\Users\Yessica\.m2\repository\org\springframework\boot\spring-boot-test-autoconfigure\2.2.6.RELEASE\spring-boot-test-autoconfigure-2.2.6.RELEASE.jar;C:\Users\Yessica\.m2\repository\com\jayway\jsonpath\json-path\2.4.0\json-path-2.4.0.jar;C:\Users\Yessica\.m2\repository\net\minidev\json-smart\2.3\json-smart-2.3.jar;C:\Users\Yessica\.m2\repository\net\minidev\accessors-smart\1.2\accessors-smart-1.2.jar;C:\Users\Yessica\.m2\repository\org\ow2\asm\asm\5.0.4\asm-5.0.4.jar;C:\Users\Yessica\.m2\repository\org\slf4j\slf4j-api\1.7.30\slf4j-api-1.7.30.jar;C:\Users\Yessica\.m2\repository\jakarta\xml\bind\jakarta.xml.bind-api\2.3.3\jakarta.xml.bind-api-2.3.3.jar;C:\Users\Yessica\.m2\repository\jakarta\activation\jakarta.activation-api\1.2.2\jakarta.activation-api-1.2.2.jar;C:\Users\Yessica\.m2\repository\org\junit\jupiter\junit-jupiter\5.5.2\junit-jupiter-5.5.2.jar;C:\Users\Yessica\.m2\repository\org\junit\jupiter\junit-jupiter-api\5.5.2\junit-jupiter-api-5.5.2.jar;C:\Users\Yessica\.m2\repository\org\apiguardian\apiguardian-api\1.1.0\apiguardian-api-1.1.0.jar;C:\Users\Yessica\.m2\repository\org\opentest4j\opentest4j\1.2.0\opentest4j-1.2.0.jar;C:\Users\Yessica\.m2\repository\org\junit\platform\junit-platform-commons\1.5.2\junit-platform-commons-1.5.2.jar;C:\Users\Yessica\.m2\repository\org\junit\jupiter\junit-jupiter-params\5.5.2\junit-jupiter-params-5.5.2.jar;C:\Users\Yessica\.m2\repository\org\junit\jupiter\junit-jupiter-engine\5.5.2\junit-jupiter-engine-5.5.2.jar;C:\Users\Yessica\.m2\repository\org\junit\platform\junit-platform-engine\1.5.2\junit-platform-engine-1.5.2.jar;C:\Users\Yessica\.m2\repository\org\mockito\mockito-junit-jupiter\3.1.0\mockito-junit-jupiter-3.1.0.jar;C:\Users\Yessica\.m2\repository\org\assertj\assertj-core\3.13.2\assertj-core-3.13.2.jar;C:\Users\Yessica\.m2\repository\org\hamcrest\hamcrest\2.1\hamcrest-2.1.jar;C:\Users\Yessica\.m2\repository\org\mockito\mockito-core\3.1.0\mockito-core-3.1.0.jar;C:\Users\Yessica\.m2\repository\net\bytebuddy\byte-buddy\1.10.8\byte-buddy-1.10.8.jar;C:\Users\Yessica\.m2\repository\net\bytebuddy\byte-buddy-agent\1.10.8\byte-buddy-agent-1.10.8.jar;C:\Users\Yessica\.m2\repository\org\objenesis\objenesis\2.6\objenesis-2.6.jar;C:\Users\Yessica\.m2\repository\org\skyscreamer\jsonassert\1.5.0\jsonassert-1.5.0.jar;C:\Users\Yessica\.m2\repository\com\vaadin\external\google\android-json\0.0.20131108.vaadin1\android-json-0.0.20131108.vaadin1.jar;C:\Users\Yessica\.m2\repository\org\springframework\spring-test\5.2.5.RELEASE\spring-test-5.2.5.RELEASE.jar;C:\Users\Yessica\.m2\repository\org\xmlunit\xmlunit-core\2.6.4\xmlunit-core-2.6.4.jar;C:\Users\Yessica\.m2\repository\net\sourceforge\htmlunit\htmlunit\2.36.0\htmlunit-2.36.0.jar;C:\Users\Yessica\.m2\repository\xalan\xalan\2.7.2\xalan-2.7.2.jar;C:\Users\Yessica\.m2\repository\xalan\serializer\2.7.2\serializer-2.7.2.jar;C:\Users\Yessica\.m2\repository\org\apache\commons\commons-lang3\3.9\commons-lang3-3.9.jar;C:\Users\Yessica\.m2\repository\org\apache\commons\commons-text\1.7\commons-text-1.7.jar;C:\Users\Yessica\.m2\repository\org\apache\httpcomponents\httpmime\4.5.12\httpmime-4.5.12.jar;C:\Users\Yessica\.m2\repository\org\apache\httpcomponents\httpclient\4.5.12\httpclient-4.5.12.jar;C:\Users\Yessica\.m2\repository\org\apache\httpcomponents\httpcore\4.4.13\httpcore-4.4.13.jar;C:\Users\Yessica\.m2\repository\commons-codec\commons-codec\1.13\commons-codec-1.13.jar;C:\Users\Yessica\.m2\repository\net\sourceforge\htmlunit\htmlunit-core-js\2.36.0\htmlunit-core-js-2.36.0.jar;C:\Users\Yessica\.m2\repository\net\sourceforge\htmlunit\neko-htmlunit\2.36.0\neko-htmlunit-2.36.0.jar;C:\Users\Yessica\.m2\repository\xerces\xercesImpl\2.12.0\xercesImpl-2.12.0.jar;C:\Users\Yessica\.m2\repository\xml-apis\xml-apis\1.4.01\xml-apis-1.4.01.jar;C:\Users\Yessica\.m2\repository\net\sourceforge\htmlunit\htmlunit-cssparser\1.5.0\htmlunit-cssparser-1.5.0.jar;C:\Users\Yessica\.m2\repository\commons-io\commons-io\2.6\commons-io-2.6.jar;C:\Users\Yessica\.m2\repository\commons-net\commons-net\3.6\commons-net-3.6.jar;C:\Users\Yessica\.m2\repository\org\brotli\dec\0.1.2\dec-0.1.2.jar;C:\Users\Yessica\.m2\repository\org\eclipse\jetty\websocket\websocket-client\9.4.27.v20200227\websocket-client-9.4.27.v20200227.jar;C:\Users\Yessica\.m2\repository\org\eclipse\jetty\jetty-client\9.4.27.v20200227\jetty-client-9.4.27.v20200227.jar;C:\Users\Yessica\.m2\repository\org\eclipse\jetty\jetty-http\9.4.27.v20200227\jetty-http-9.4.27.v20200227.jar;C:\Users\Yessica\.m2\repository\org\eclipse\jetty\jetty-xml\9.4.27.v20200227\jetty-xml-9.4.27.v20200227.jar;C:\Users\Yessica\.m2\repository\org\eclipse\jetty\jetty-util\9.4.27.v20200227\jetty-util-9.4.27.v20200227.jar;C:\Users\Yessica\.m2\repository\org\eclipse\jetty\jetty-io\9.4.27.v20200227\jetty-io-9.4.27.v20200227.jar;C:\Users\Yessica\.m2\repository\org\eclipse\jetty\websocket\websocket-common\9.4.27.v20200227\websocket-common-9.4.27.v20200227.jar;C:\Users\Yessica\.m2\repository\org\eclipse\jetty\websocket\websocket-api\9.4.27.v20200227\websocket-api-9.4.27.v20200227.jar;"/>
    <property name="sun.cpu.endian" value="little"/>
    <property name="user.home" value="C:\Users\Yessica"/>
    <property name="user.language" value="es"/>
    <property name="java.specification.vendor" value="Oracle Corporation"/>
    <property name="java.version.date" value="2020-01-14"/>
    <property name="java.home" value="C:\Program Files\Java\jdk-13.0.2"/>
    <property name="file.separator" value="\"/>
    <property name="style.color" value="always"/>
    <property name="basedir" value="C:\Users\Yessica\Documents\workspace-spring-tool-suite-4-4.5.1.RELEASE\testHtml"/>
    <property name="java.vm.compressedOopsMode" value="32-bit"/>
    <property name="line.separator" value="&#10;"/>
    <property name="java.vm.specification.vendor" value="Oracle Corporation"/>
    <property name="java.specification.name" value="Java Platform API Specification"/>
    <property name="surefire.real.class.path" value="C:\Users\Yessica\AppData\Local\Temp\surefire732474938732729438\surefirebooter3266934678486475956.jar"/>
    <property name="user.script" value=""/>
    <property name="sun.management.compiler" value="HotSpot 64-Bit Tiered Compilers"/>
    <property name="java.runtime.version" value="13.0.2+8"/>
    <property name="user.name" value="Yessica"/>
    <property name="path.separator" value=";"/>
    <property name="os.version" value="10.0"/>
    <property name="java.runtime.name" value="Java(TM) SE Runtime Environment"/>
    <property name="file.encoding" value="Cp1252"/>
    <property name="java.vm.name" value="Java HotSpot(TM) 64-Bit Server VM"/>
    <property name="localRepository" value="C:\Users\Yessica\.m2\repository"/>
    <property name="java.vendor.url.bug" value="https://bugreport.java.com/bugreport/"/>
    <property name="java.io.tmpdir" value="C:\Users\Yessica\AppData\Local\Temp\"/>
    <property name="java.version" value="13.0.2"/>
    <property name="user.dir" value="C:\Users\Yessica\Documents\workspace-spring-tool-suite-4-4.5.1.RELEASE\testHtml"/>
    <property name="os.arch" value="amd64"/>
    <property name="java.vm.specification.name" value="Java Virtual Machine Specification"/>
    <property name="sun.os.patch.level" value=""/>
    <property name="java.library.path" value="C:\Program Files\Java\jdk-13.0.2\bin;C:\WINDOWS\Sun\Java\bin;C:\WINDOWS\system32;C:\WINDOWS;C:\Program Files (x86)\Common Files\Oracle\Java\javapath;C:\Program Files\Microsoft MPI\Bin\;C:\Program Files (x86)\Intel\iCLS Client\;C:\Program Files\Intel\iCLS Client\;C:\WINDOWS\system32;C:\WINDOWS;C:\WINDOWS\System32\Wbem;C:\WINDOWS\System32\WindowsPowerShell\v1.0\;C:\Program Files (x86)\Intel\Intel(R) Management Engine Components\DAL;C:\Program Files\Intel\Intel(R) Management Engine Components\DAL;C:\Program Files (x86)\Intel\Intel(R) Management Engine Components\IPT;C:\Program Files\Intel\Intel(R) Management Engine Components\IPT;C:\Program Files (x86)\Microsoft SQL Server\140\Tools\Binn\;C:\Program Files\Microsoft SQL Server\140\Tools\Binn\;C:\Program Files (x86)\Microsoft SQL Server\140\DTS\Binn\;C:\Program Files\Microsoft SQL Server\140\DTS\Binn\;C:\Program Files\Microsoft SQL Server\Client SDK\ODBC\130\Tools\Binn\;C:\Program Files (x86)\Microsoft SQL Server\Client SDK\ODBC\130\Tools\Binn\;C:\Program Files (x86)\Microsoft SQL Server\140\Tools\Binn\ManagementStudio\;C:\WINDOWS\System32\OpenSSH\;C:\Users\Yessica\Documents\Repos\CarnetScripts\Powershell;C:\Program Files\dotnet\;C:\Program Files\nodejs\;C:\Program Files\Git\cmd;C:\Program Files\MySQL\MySQL Shell 8.0\bin\;C:\Users\Yessica\AppData\Local\Programs\Python\Python37-32\Scripts\;C:\Users\Yessica\AppData\Local\Programs\Python\Python37-32\;C:\Ruby26-x64\bin;C:\Users\Yessica\AppData\Local\Microsoft\WindowsApps;C:\Users\Yessica\AppData\Local\GitHubDesktop\bin;C:\Users\Yessica\AppData\Local\Microsoft\WindowsApps;C:\Users\Yessica\AppData\Local\Programs\Microsoft VS Code\bin;C:\Users\Yessica\AppData\Roaming\npm;C:\MinGW\bin;;C:\Program Files\Docker Toolbox;."/>
    <property name="java.vm.info" value="mixed mode, sharing"/>
    <property name="java.vendor" value="Oracle Corporation"/>
    <property name="java.vm.version" value="13.0.2+8"/>
    <property name="sun.io.unicode.encoding" value="UnicodeLittle"/>
    <property name="java.class.version" value="57.0"/>
  </properties>
  <testcase name="givenAClient_whenEnteringAutomationPractice_thenPageTitleIsCorrect" classname="mx.tec.lab.TestHtmlApplicationTests" time="20.754">
    <failure message="expected: &lt;MY Store&gt; but was: &lt;My Store&gt;" type="org.opentest4j.AssertionFailedError"><![CDATA[org.opentest4j.AssertionFailedError: expected: <MY Store> but was: <My Store>
	at mx.tec.lab.TestHtmlApplicationTests.givenAClient_whenEnteringAutomationPractice_thenPageTitleIsCorrect(TestHtmlApplicationTests.java:34)
]]></failure>
    <system-out><![CDATA[20:52:14.732 [main] DEBUG org.springframework.test.context.BootstrapUtils - Instantiating CacheAwareContextLoaderDelegate from class [org.springframework.test.context.cache.DefaultCacheAwareContextLoaderDelegate]
20:52:14.748 [main] DEBUG org.springframework.test.context.BootstrapUtils - Instantiating BootstrapContext using constructor [public org.springframework.test.context.support.DefaultBootstrapContext(java.lang.Class,org.springframework.test.context.CacheAwareContextLoaderDelegate)]
20:52:14.776 [main] DEBUG org.springframework.test.context.BootstrapUtils - Instantiating TestContextBootstrapper for test class [mx.tec.lab.TestHtmlApplicationTests] from class [org.springframework.boot.test.context.SpringBootTestContextBootstrapper]
20:52:14.792 [main] INFO org.springframework.boot.test.context.SpringBootTestContextBootstrapper - Neither @ContextConfiguration nor @ContextHierarchy found for test class [mx.tec.lab.TestHtmlApplicationTests], using SpringBootContextLoader
20:52:14.797 [main] DEBUG org.springframework.test.context.support.AbstractContextLoader - Did not detect default resource location for test class [mx.tec.lab.TestHtmlApplicationTests]: class path resource [mx/tec/lab/TestHtmlApplicationTests-context.xml] does not exist
20:52:14.798 [main] DEBUG org.springframework.test.context.support.AbstractContextLoader - Did not detect default resource location for test class [mx.tec.lab.TestHtmlApplicationTests]: class path resource [mx/tec/lab/TestHtmlApplicationTestsContext.groovy] does not exist
20:52:14.798 [main] INFO org.springframework.test.context.support.AbstractContextLoader - Could not detect default resource locations for test class [mx.tec.lab.TestHtmlApplicationTests]: no resource found for suffixes {-context.xml, Context.groovy}.
20:52:14.799 [main] INFO org.springframework.test.context.support.AnnotationConfigContextLoaderUtils - Could not detect default configuration classes for test class [mx.tec.lab.TestHtmlApplicationTests]: TestHtmlApplicationTests does not declare any static, non-private, non-final, nested classes annotated with @Configuration.
20:52:14.837 [main] DEBUG org.springframework.test.context.support.ActiveProfilesUtils - Could not find an 'annotation declaring class' for annotation type [org.springframework.test.context.ActiveProfiles] and class [mx.tec.lab.TestHtmlApplicationTests]
20:52:14.938 [main] DEBUG org.springframework.context.annotation.ClassPathScanningCandidateComponentProvider - Identified candidate component class: file [C:\Users\Yessica\Documents\workspace-spring-tool-suite-4-4.5.1.RELEASE\testHtml\target\classes\mx\tec\lab\TestHtmlApplication.class]
20:52:14.939 [main] INFO org.springframework.boot.test.context.SpringBootTestContextBootstrapper - Found @SpringBootConfiguration mx.tec.lab.TestHtmlApplication for test class mx.tec.lab.TestHtmlApplicationTests
20:52:15.023 [main] DEBUG org.springframework.boot.test.context.SpringBootTestContextBootstrapper - @TestExecutionListeners is not present for class [mx.tec.lab.TestHtmlApplicationTests]: using defaults.
20:52:15.024 [main] INFO org.springframework.boot.test.context.SpringBootTestContextBootstrapper - Loaded default TestExecutionListener class names from location [META-INF/spring.factories]: [org.springframework.boot.test.mock.mockito.MockitoTestExecutionListener, org.springframework.boot.test.mock.mockito.ResetMocksTestExecutionListener, org.springframework.boot.test.autoconfigure.restdocs.RestDocsTestExecutionListener, org.springframework.boot.test.autoconfigure.web.client.MockRestServiceServerResetTestExecutionListener, org.springframework.boot.test.autoconfigure.web.servlet.MockMvcPrintOnlyOnFailureTestExecutionListener, org.springframework.boot.test.autoconfigure.web.servlet.WebDriverTestExecutionListener, org.springframework.test.context.web.ServletTestExecutionListener, org.springframework.test.context.support.DirtiesContextBeforeModesTestExecutionListener, org.springframework.test.context.support.DependencyInjectionTestExecutionListener, org.springframework.test.context.support.DirtiesContextTestExecutionListener, org.springframework.test.context.transaction.TransactionalTestExecutionListener, org.springframework.test.context.jdbc.SqlScriptsTestExecutionListener, org.springframework.test.context.event.EventPublishingTestExecutionListener]
20:52:15.031 [main] DEBUG org.springframework.boot.test.context.SpringBootTestContextBootstrapper - Skipping candidate TestExecutionListener [org.springframework.test.context.web.ServletTestExecutionListener] due to a missing dependency. Specify custom listener classes or make the default listener classes and their required dependencies available. Offending class: [javax/servlet/ServletContext]
20:52:15.032 [main] DEBUG org.springframework.boot.test.context.SpringBootTestContextBootstrapper - Skipping candidate TestExecutionListener [org.springframework.test.context.transaction.TransactionalTestExecutionListener] due to a missing dependency. Specify custom listener classes or make the default listener classes and their required dependencies available. Offending class: [org/springframework/transaction/interceptor/TransactionAttributeSource]
20:52:15.033 [main] DEBUG org.springframework.boot.test.context.SpringBootTestContextBootstrapper - Skipping candidate TestExecutionListener [org.springframework.test.context.jdbc.SqlScriptsTestExecutionListener] due to a missing dependency. Specify custom listener classes or make the default listener classes and their required dependencies available. Offending class: [org/springframework/transaction/interceptor/TransactionAttribute]
20:52:15.033 [main] INFO org.springframework.boot.test.context.SpringBootTestContextBootstrapper - Using TestExecutionListeners: [org.springframework.test.context.support.DirtiesContextBeforeModesTestExecutionListener@7c51f34b, org.springframework.boot.test.mock.mockito.MockitoTestExecutionListener@5495333e, org.springframework.boot.test.autoconfigure.SpringBootDependencyInjectionTestExecutionListener@2a225dd7, org.springframework.test.context.support.DirtiesContextTestExecutionListener@61eaec38, org.springframework.test.context.event.EventPublishingTestExecutionListener@125290e5, org.springframework.boot.test.mock.mockito.ResetMocksTestExecutionListener@6fa34d52, org.springframework.boot.test.autoconfigure.restdocs.RestDocsTestExecutionListener@57576994, org.springframework.boot.test.autoconfigure.web.client.MockRestServiceServerResetTestExecutionListener@616ac46a, org.springframework.boot.test.autoconfigure.web.servlet.MockMvcPrintOnlyOnFailureTestExecutionListener@67b9b51a, org.springframework.boot.test.autoconfigure.web.servlet.WebDriverTestExecutionListener@1205bd62]
20:52:15.036 [main] DEBUG org.springframework.test.context.support.AbstractDirtiesContextTestExecutionListener - Before test class: context [DefaultTestContext@6d026701 testClass = TestHtmlApplicationTests, testInstance = [null], testMethod = [null], testException = [null], mergedContextConfiguration = [MergedContextConfiguration@78aa1f72 testClass = TestHtmlApplicationTests, locations = '{}', classes = '{class mx.tec.lab.TestHtmlApplication}', contextInitializerClasses = '[]', activeProfiles = '{}', propertySourceLocations = '{}', propertySourceProperties = '{org.springframework.boot.test.context.SpringBootTestContextBootstrapper=true}', contextCustomizers = set[org.springframework.boot.test.context.filter.ExcludeFilterContextCustomizer@3972a855, org.springframework.boot.test.json.DuplicateJsonObjectContextCustomizerFactory$DuplicateJsonObjectContextCustomizer@6a370f4, org.springframework.boot.test.mock.mockito.MockitoContextCustomizer@0, org.springframework.boot.test.web.client.TestRestTemplateContextCustomizer@62230c58, org.springframework.boot.test.autoconfigure.properties.PropertyMappingContextCustomizer@0, org.springframework.boot.test.autoconfigure.web.servlet.WebDriverContextCustomizerFactory$Customizer@31e5415e], contextLoader = 'org.springframework.boot.test.context.SpringBootContextLoader', parent = [null]], attributes = map[[empty]]], class annotated with @DirtiesContext [false] with mode [null].
20:52:15.048 [main] DEBUG org.springframework.test.context.support.DependencyInjectionTestExecutionListener - Performing dependency injection for test context [[DefaultTestContext@6d026701 testClass = TestHtmlApplicationTests, testInstance = mx.tec.lab.TestHtmlApplicationTests@13d4992d, testMethod = [null], testException = [null], mergedContextConfiguration = [MergedContextConfiguration@78aa1f72 testClass = TestHtmlApplicationTests, locations = '{}', classes = '{class mx.tec.lab.TestHtmlApplication}', contextInitializerClasses = '[]', activeProfiles = '{}', propertySourceLocations = '{}', propertySourceProperties = '{org.springframework.boot.test.context.SpringBootTestContextBootstrapper=true}', contextCustomizers = set[org.springframework.boot.test.context.filter.ExcludeFilterContextCustomizer@3972a855, org.springframework.boot.test.json.DuplicateJsonObjectContextCustomizerFactory$DuplicateJsonObjectContextCustomizer@6a370f4, org.springframework.boot.test.mock.mockito.MockitoContextCustomizer@0, org.springframework.boot.test.web.client.TestRestTemplateContextCustomizer@62230c58, org.springframework.boot.test.autoconfigure.properties.PropertyMappingContextCustomizer@0, org.springframework.boot.test.autoconfigure.web.servlet.WebDriverContextCustomizerFactory$Customizer@31e5415e], contextLoader = 'org.springframework.boot.test.context.SpringBootContextLoader', parent = [null]], attributes = map[[empty]]]].
20:52:15.066 [main] DEBUG org.springframework.test.context.support.TestPropertySourceUtils - Adding inlined properties to environment: {spring.jmx.enabled=false, org.springframework.boot.test.context.SpringBootTestContextBootstrapper=true, server.port=-1}

  .   ____          _            __ _ _
 /\\ / ___'_ __ _ _(_)_ __  __ _ \ \ \ \
( ( )\___ | '_ | '_| | '_ \/ _` | \ \ \ \
 \\/  ___)| |_)| | | | | || (_| |  ) ) ) )
  '  |____| .__|_| |_|_| |_\__, | / / / /
 =========|_|==============|___/=/_/_/_/
 :: Spring Boot ::        (v2.2.6.RELEASE)

2020-04-13 20:52:15.304  INFO 14408 --- [           main] mx.tec.lab.TestHtmlApplicationTests      : Starting TestHtmlApplicationTests on DESKTOP-3STTIL1 with PID 14408 (started by Yessica in C:\Users\Yessica\Documents\workspace-spring-tool-suite-4-4.5.1.RELEASE\testHtml)
2020-04-13 20:52:15.306  INFO 14408 --- [           main] mx.tec.lab.TestHtmlApplicationTests      : No active profile set, falling back to default profiles: default
2020-04-13 20:52:15.784  INFO 14408 --- [           main] mx.tec.lab.TestHtmlApplicationTests      : Started TestHtmlApplicationTests in 0.714 seconds (JVM running for 1.649)
2020-04-13 20:52:21.767  WARN 14408 --- [           main] c.g.htmlunit.DefaultCssErrorHandler      : CSS error: 'http://automationpractice.com/themes/default-bootstrap/css/global.css' [3831:3] Error in declaration. '*' is not allowed as first char of a property.
2020-04-13 20:52:21.773  WARN 14408 --- [           main] c.g.htmlunit.DefaultCssErrorHandler      : CSS error: 'http://automationpractice.com/themes/default-bootstrap/css/global.css' [4036:5] Error in declaration. '*' is not allowed as first char of a property.
2020-04-13 20:52:21.773  WARN 14408 --- [           main] c.g.htmlunit.DefaultCssErrorHandler      : CSS error: 'http://automationpractice.com/themes/default-bootstrap/css/global.css' [4039:5] Error in declaration. '*' is not allowed as first char of a property.
2020-04-13 20:52:22.135  WARN 14408 --- [           main] c.g.htmlunit.DefaultCssErrorHandler      : CSS error: 'http://automationpractice.com/themes/default-bootstrap/css/autoload/uniform.default.css' [147:5] Error in declaration. '*' is not allowed as first char of a property.
2020-04-13 20:52:22.136  WARN 14408 --- [           main] c.g.htmlunit.DefaultCssErrorHandler      : CSS error: 'http://automationpractice.com/themes/default-bootstrap/css/autoload/uniform.default.css' [161:5] Error in declaration. '*' is not allowed as first char of a property.
2020-04-13 20:52:22.137  WARN 14408 --- [           main] c.g.htmlunit.DefaultCssErrorHandler      : CSS error: 'http://automationpractice.com/themes/default-bootstrap/css/autoload/uniform.default.css' [190:5] Error in declaration. '*' is not allowed as first char of a property.
2020-04-13 20:52:22.143  WARN 14408 --- [           main] c.g.htmlunit.DefaultCssErrorHandler      : CSS error: 'http://automationpractice.com/themes/default-bootstrap/css/autoload/uniform.default.css' [204:5] Error in declaration. '*' is not allowed as first char of a property.
2020-04-13 20:52:22.148  WARN 14408 --- [           main] c.g.htmlunit.DefaultCssErrorHandler      : CSS error: 'http://automationpractice.com/themes/default-bootstrap/css/autoload/uniform.default.css' [288:5] Error in declaration. '*' is not allowed as first char of a property.
2020-04-13 20:52:24.303  WARN 14408 --- [           main] c.g.htmlunit.DefaultCssErrorHandler      : CSS error: 'http://automationpractice.com/themes/default-bootstrap/css/modules/homeslider/homeslider.css' [72:3] Error in declaration. '*' is not allowed as first char of a property.
2020-04-13 20:52:24.304  WARN 14408 --- [           main] c.g.htmlunit.DefaultCssErrorHandler      : CSS error: 'http://automationpractice.com/themes/default-bootstrap/css/modules/homeslider/homeslider.css' [105:3] Error in declaration. '*' is not allowed as first char of a property.
2020-04-13 20:52:24.304  WARN 14408 --- [           main] c.g.htmlunit.DefaultCssErrorHandler      : CSS error: 'http://automationpractice.com/themes/default-bootstrap/css/modules/homeslider/homeslider.css' [106:3] Error in declaration. '*' is not allowed as first char of a property.
2020-04-13 20:52:32.028  WARN 14408 --- [           main] c.g.htmlunit.DefaultCssErrorHandler      : CSS error: 'http://automationpractice.com/themes/default-bootstrap/css/global.css' [3831:3] Error in declaration. '*' is not allowed as first char of a property.
2020-04-13 20:52:32.031  WARN 14408 --- [           main] c.g.htmlunit.DefaultCssErrorHandler      : CSS error: 'http://automationpractice.com/themes/default-bootstrap/css/global.css' [4036:5] Error in declaration. '*' is not allowed as first char of a property.
2020-04-13 20:52:32.031  WARN 14408 --- [           main] c.g.htmlunit.DefaultCssErrorHandler      : CSS error: 'http://automationpractice.com/themes/default-bootstrap/css/global.css' [4039:5] Error in declaration. '*' is not allowed as first char of a property.
2020-04-13 20:52:32.169  WARN 14408 --- [           main] c.g.htmlunit.DefaultCssErrorHandler      : CSS error: 'http://automationpractice.com/themes/default-bootstrap/css/autoload/uniform.default.css' [147:5] Error in declaration. '*' is not allowed as first char of a property.
2020-04-13 20:52:32.171  WARN 14408 --- [           main] c.g.htmlunit.DefaultCssErrorHandler      : CSS error: 'http://automationpractice.com/themes/default-bootstrap/css/autoload/uniform.default.css' [161:5] Error in declaration. '*' is not allowed as first char of a property.
2020-04-13 20:52:32.174  WARN 14408 --- [           main] c.g.htmlunit.DefaultCssErrorHandler      : CSS error: 'http://automationpractice.com/themes/default-bootstrap/css/autoload/uniform.default.css' [190:5] Error in declaration. '*' is not allowed as first char of a property.
2020-04-13 20:52:32.175  WARN 14408 --- [           main] c.g.htmlunit.DefaultCssErrorHandler      : CSS error: 'http://automationpractice.com/themes/default-bootstrap/css/autoload/uniform.default.css' [204:5] Error in declaration. '*' is not allowed as first char of a property.
2020-04-13 20:52:32.182  WARN 14408 --- [           main] c.g.htmlunit.DefaultCssErrorHandler      : CSS error: 'http://automationpractice.com/themes/default-bootstrap/css/autoload/uniform.default.css' [288:5] Error in declaration. '*' is not allowed as first char of a property.
2020-04-13 20:52:32.268  WARN 14408 --- [           main] c.g.htmlunit.DefaultCssErrorHandler      : CSS error: 'http://automationpractice.com/themes/default-bootstrap/css/modules/homeslider/homeslider.css' [72:3] Error in declaration. '*' is not allowed as first char of a property.
2020-04-13 20:52:32.270  WARN 14408 --- [           main] c.g.htmlunit.DefaultCssErrorHandler      : CSS error: 'http://automationpractice.com/themes/default-bootstrap/css/modules/homeslider/homeslider.css' [105:3] Error in declaration. '*' is not allowed as first char of a property.
2020-04-13 20:52:32.270  WARN 14408 --- [           main] c.g.htmlunit.DefaultCssErrorHandler      : CSS error: 'http://automationpractice.com/themes/default-bootstrap/css/modules/homeslider/homeslider.css' [106:3] Error in declaration. '*' is not allowed as first char of a property.
2020-04-13 20:52:35.415  WARN 14408 --- [           main] c.g.htmlunit.IncorrectnessListenerImpl   : Obsolete content type encountered: 'application/x-javascript'.
2020-04-13 20:52:36.130  WARN 14408 --- [           main] c.g.htmlunit.IncorrectnessListenerImpl   : Obsolete content type encountered: 'application/x-javascript'.
]]></system-out>
  </testcase>
</testsuite>